------------------------------------------------------------------------------------------------------------------------

[2018-11-03 14:08:13 #1 store] 
Database 'E:\cours\semestreSherbrooke\0 - IFT287 Exploitation de bases de données relationnelles et orientées objet\TP3\IFT_287_TP3_BDJAVA\TP3\ift287_23db.odb' is opened by 5716@LAPTOP-49CGENSA

[2018-11-03 14:08:13 #2 store] 
Configuration path: ?

[2018-11-03 14:08:22 #3 type.registry] 
New type modele.Ligue

[2018-11-03 14:08:22 #4 type] 
Type modele.Ligue is not enhanced.

[2018-11-03 14:08:22 #5 type.registry] 
New type modele.Equipe

[2018-11-03 14:08:22 #6 type] 
Type modele.Equipe is not enhanced.

[2018-11-03 14:08:22 #7 type.registry] 
New type modele.Resultat

[2018-11-03 14:08:22 #8 type.registry] 
New type modele.Participant

[2018-11-03 14:08:22 #9 type] 
Type modele.Resultat is not enhanced.

[2018-11-03 14:08:22 #10 type] 
Type modele.Participant is not enhanced.

------------------------------------------------------------------------------------------------------------------------

[2018-11-03 14:11:19 #1 store] 
Database 'E:\cours\semestreSherbrooke\0 - IFT287 Exploitation de bases de données relationnelles et orientées objet\TP3\IFT_287_TP3_BDJAVA\TP3\ift287_23db.odb' has been recovered (tr. 1-3)

[2018-11-03 14:11:19 #2 store] 
Database 'E:\cours\semestreSherbrooke\0 - IFT287 Exploitation de bases de données relationnelles et orientées objet\TP3\IFT_287_TP3_BDJAVA\TP3\ift287_23db.odb' is opened by 17548@LAPTOP-49CGENSA

[2018-11-03 14:11:19 #3 store] 
Configuration path: ?

[2018-11-03 14:11:19 #4 type] 
Type modele.Ligue is not enhanced.

[2018-11-03 14:11:19 #5 type] 
Type modele.Equipe is not enhanced.

[2018-11-03 14:11:19 #6 type] 
Type modele.Resultat is not enhanced.

[2018-11-03 14:11:19 #7 type] 
Type modele.Participant is not enhanced.

------------------------------------------------------------------------------------------------------------------------

[2018-11-03 14:12:18 #1 store] 
Database 'E:\cours\semestreSherbrooke\0 - IFT287 Exploitation de bases de données relationnelles et orientées objet\TP3\IFT_287_TP3_BDJAVA\TP3\ift287_23db.odb' is opened by 9892@LAPTOP-49CGENSA

[2018-11-03 14:12:18 #2 store] 
Configuration path: ?

[2018-11-03 14:12:18 #3 type] 
Type modele.Ligue is not enhanced.

[2018-11-03 14:12:18 #4 type] 
Type modele.Equipe is not enhanced.

[2018-11-03 14:12:18 #5 type] 
Type modele.Resultat is not enhanced.

[2018-11-03 14:12:18 #6 type] 
Type modele.Participant is not enhanced.

------------------------------------------------------------------------------------------------------------------------

[2018-11-03 14:14:21 #1 store] 
Database 'E:\cours\semestreSherbrooke\0 - IFT287 Exploitation de bases de données relationnelles et orientées objet\TP3\IFT_287_TP3_BDJAVA\TP3\ift287_23db.odb' is opened by 4868@LAPTOP-49CGENSA

[2018-11-03 14:14:21 #2 store] 
Configuration path: ?

[2018-11-03 14:14:21 #3 type] 
Type modele.Ligue is not enhanced.

[2018-11-03 14:14:21 #4 type] 
Type modele.Equipe is not enhanced.

[2018-11-03 14:14:21 #5 type] 
Type modele.Resultat is not enhanced.

[2018-11-03 14:14:21 #6 type] 
Type modele.Participant is not enhanced.

------------------------------------------------------------------------------------------------------------------------

[2018-11-03 14:16:26 #1 store] 
Database 'E:\cours\semestreSherbrooke\0 - IFT287 Exploitation de bases de données relationnelles et orientées objet\TP3\IFT_287_TP3_BDJAVA\TP3\ift287_23db.odb' is opened by 17876@LAPTOP-49CGENSA

[2018-11-03 14:16:26 #2 store] 
Configuration path: ?

[2018-11-03 14:16:26 #3 type] 
Type modele.Ligue is not enhanced.

[2018-11-03 14:16:26 #4 type] 
Type modele.Equipe is not enhanced.

[2018-11-03 14:16:26 #5 type] 
Type modele.Resultat is not enhanced.

[2018-11-03 14:16:26 #6 type] 
Type modele.Participant is not enhanced.

------------------------------------------------------------------------------------------------------------------------

[2018-11-03 14:27:16 #1 store] 
Database 'E:\cours\semestreSherbrooke\0 - IFT287 Exploitation de bases de données relationnelles et orientées objet\TP3\IFT_287_TP3_BDJAVA\TP3\ift287_23db.odb' has been recovered (tr. 4-4)

[2018-11-03 14:27:17 #2 store] 
Database 'E:\cours\semestreSherbrooke\0 - IFT287 Exploitation de bases de données relationnelles et orientées objet\TP3\IFT_287_TP3_BDJAVA\TP3\ift287_23db.odb' is opened by 11576@LAPTOP-49CGENSA

[2018-11-03 14:27:17 #3 store] 
Configuration path: ?

[2018-11-03 14:27:17 #4 type] 
Type modele.Ligue is not enhanced.

[2018-11-03 14:27:17 #5 type] 
Type modele.Equipe is not enhanced.

[2018-11-03 14:27:17 #6 type] 
Type modele.Resultat is not enhanced.

[2018-11-03 14:27:17 #7 type] 
Type modele.Participant is not enhanced.

------------------------------------------------------------------------------------------------------------------------

[2018-11-03 14:45:45 #1 store] 
Database 'D:\Pro\Cours\DI4\Sherbrooke\IFT287-Exploitation_de_bases_de_données_relationnelles_et_OO\TP3\TP3\ift287_23db.odb' is opened by 8012@LAPTOP-U4KGJ928

[2018-11-03 14:45:45 #2 store] 
Configuration path: ?

[2018-11-03 14:45:45 #3 type] 
Type modele.Ligue is not enhanced.

[2018-11-03 14:45:45 #4 type] 
Type modele.Equipe is not enhanced.

[2018-11-03 14:45:45 #5 type] 
Type modele.Resultat is not enhanced.

[2018-11-03 14:45:45 #6 type] 
Type modele.Participant is not enhanced.

[2018-11-03 14:46:07 #7 type.registry] 
New type java.util.LinkedList<java.lang.Object>

[2018-11-03 14:46:07 #8 type.registry] 
New type java.util.LinkedList<modele.Equipe>

[2018-11-03 14:50:45 #9 type.registry] 
New type java.util.LinkedList<modele.Participant>

[2018-11-03 14:50:45 #10 type.registry] 
New type java.util.LinkedList<modele.Resultat>

